<?xml version="1.0" encoding="UTF-8"?>
<!-- Generated by org.testng.reporters.JUnitReportReporter -->
<testsuite hostname="LAPTOP-EU0HHGQ6" failures="0" tests="2" name="swaglabs.Mainclass.SwagLabs" time="28.923" errors="0" timestamp="2024-03-10T23:50:39 IST" skipped="0">
  <testcase classname="swaglabs.Mainclass.SwagLabs" name="SwagLabs_Main" time="14.027"/>
  <testcase classname="swaglabs.Mainclass.SwagLabs" name="SwagLabs_Main" time="14.896"/>
</testsuite> <!-- swaglabs.Mainclass.SwagLabs -->
