<?xml version="1.0" encoding="UTF-8"?>
<!-- Generated by org.testng.reporters.JUnitReportReporter -->
<testsuite hostname="LAPTOP-EU0HHGQ6" failures="0" tests="1" name="swaglabs.Mainclass.LoginHandling" time="3.526" errors="0" timestamp="2024-03-09T15:25:47 IST" skipped="0">
  <testcase classname="swaglabs.Mainclass.LoginHandling" name="SwagLabs_Main" time="3.526"/>
</testsuite> <!-- swaglabs.Mainclass.LoginHandling -->
